<?xml version="1.0" encoding="UTF-8"?>
<!-- Generated by org.testng.reporters.JUnitXMLReporter -->
<testsuite ignored="0" hostname="RockstarAsif-MiNoteBookUltra" failures="1" tests="1" name="LogInPageTitleValidationNegativeTest" time="5.114" errors="0" timestamp="2022-06-18T13:43:20 IST">
  <testcase classname="Myframework_Scratch.LogInPageTitleValidationNegativeTest" name="validationOfTheWebPageTitle" time="0.069">
    <failure type="java.lang.AssertionError" message="expected [negative testing paramater] but found [LoginPage Practise | Rahul Shetty Academy]">
      <![CDATA[java.lang.AssertionError: expected [negative testing paramater] but found [LoginPage Practise | Rahul Shetty Academy]
at Myframework_Scratch.LogInPageTitleValidationNegativeTest.validationOfTheWebPageTitle(LogInPageTitleValidationNegativeTest.java:29)
at java.base/java.util.ArrayList.forEach(ArrayList.java:1541)
at java.base/java.util.concurrent.FutureTask.run(FutureTask.java:264)
at java.base/java.util.concurrent.ThreadPoolExecutor.runWorker(ThreadPoolExecutor.java:1128)
at java.base/java.util.concurrent.ThreadPoolExecutor$Worker.run(ThreadPoolExecutor.java:628)
at java.base/java.lang.Thread.run(Thread.java:834)
... Removed 23 stack frames]]>
    </failure>
  </testcase> <!-- validationOfTheWebPageTitle -->
</testsuite> <!-- LogInPageTitleValidationNegativeTest -->
