<?xml version="1.0" encoding="UTF-8"?>
<!-- Generated by org.testng.reporters.JUnitReportReporter -->
<testsuite hostname="RockstarAsif-MiNoteBookUltra" failures="0" tests="2" name="Myframework_Scratch.LogInPageTitleValidationNegativeTest" time="0.012" errors="1" timestamp="2022-06-18T13:20:58 IST" skipped="1">
  <testcase classname="Myframework_Scratch.LogInPageTitleValidationNegativeTest" name="initialise" time="0.012">
    <error message="Cannot invoke &quot;String.equalsIgnoreCase(String)&quot; because &quot;givenBrowser&quot; is null" type="java.lang.NullPointerException">
      <![CDATA[java.lang.NullPointerException: Cannot invoke "String.equalsIgnoreCase(String)" because "givenBrowser" is null
at Myframework_Scratch.Base.driverInitializer(Base.java:65)
at Myframework_Scratch.LogInPageTitleValidationNegativeTest.initialise(LogInPageTitleValidationNegativeTest.java:18)
at java.base/jdk.internal.reflect.NativeMethodAccessorImpl.invoke0(Native Method)
at java.base/jdk.internal.reflect.NativeMethodAccessorImpl.invoke(NativeMethodAccessorImpl.java:77)
at java.base/jdk.internal.reflect.DelegatingMethodAccessorImpl.invoke(DelegatingMethodAccessorImpl.java:43)
at java.base/java.lang.reflect.Method.invoke(Method.java:568)
at org.testng.internal.invokers.MethodInvocationHelper.invokeMethod(MethodInvocationHelper.java:139)
at org.testng.internal.invokers.MethodInvocationHelper.invokeMethodConsideringTimeout(MethodInvocationHelper.java:69)
at org.testng.internal.invokers.ConfigInvoker.invokeConfigurationMethod(ConfigInvoker.java:361)
at org.testng.internal.invokers.ConfigInvoker.invokeConfigurations(ConfigInvoker.java:296)
at org.testng.TestRunner.invokeTestConfigurations(TestRunner.java:643)
at org.testng.TestRunner.beforeRun(TestRunner.java:632)
at org.testng.TestRunner.run(TestRunner.java:594)
at org.testng.SuiteRunner.runTest(SuiteRunner.java:433)
at org.testng.SuiteRunner$SuiteWorker.run(SuiteRunner.java:471)
at org.testng.internal.thread.ThreadUtil.lambda$execute$0(ThreadUtil.java:58)
at java.base/java.util.concurrent.FutureTask.run(FutureTask.java:264)
at java.base/java.util.concurrent.ThreadPoolExecutor.runWorker(ThreadPoolExecutor.java:1136)
at java.base/java.util.concurrent.ThreadPoolExecutor$Worker.run(ThreadPoolExecutor.java:635)
at java.base/java.lang.Thread.run(Thread.java:833)
]]>
    </error>
  </testcase> <!-- initialise -->
  <system-out/>
  <testcase classname="Myframework_Scratch.LogInPageTitleValidationNegativeTest" name="validationOfTheWebPageTitle" time="0.000">
    <skipped/>
  </testcase> <!-- validationOfTheWebPageTitle -->
  <system-out/>
</testsuite> <!-- Myframework_Scratch.LogInPageTitleValidationNegativeTest -->
